<?xml version="1.0" encoding="utf-8"?><testsuites name="pytest tests"><testsuite name="pytest" errors="0" failures="0" skipped="0" tests="17" time="5.344" timestamp="2026-03-30T08:57:55.716084+00:00" hostname="agent-env-18423231-cc8e-4818-a0ba-4caa247e1cf4"><testcase classname="tests.test_admin_auth.TestHealthEndpoint" name="test_health_check" time="0.229" /><testcase classname="tests.test_admin_auth.TestAdminAuthentication" name="test_admin_login_success" time="0.329" /><testcase classname="tests.test_admin_auth.TestAdminAuthentication" name="test_admin_login_wrong_password" time="0.322" /><testcase classname="tests.test_admin_auth.TestAdminAuthentication" name="test_admin_login_wrong_email" time="0.094" /><testcase classname="tests.test_admin_auth.TestAdminAuthentication" name="test_admin_verify_with_valid_token" time="0.424" /><testcase classname="tests.test_admin_auth.TestAdminAuthentication" name="test_admin_verify_without_token" time="0.094" /><testcase classname="tests.test_admin_auth.TestPublicArticlesEndpoint" name="test_get_public_articles" time="0.130" /><testcase classname="tests.test_admin_auth.TestPublicArticlesEndpoint" name="test_get_public_articles_with_params" time="0.095" /><testcase classname="tests.test_admin_auth.TestAdminArticlesCRUD" name="test_get_admin_articles_requires_auth" time="0.094" /><testcase classname="tests.test_admin_auth.TestAdminArticlesCRUD" name="test_get_admin_articles_with_auth" time="0.478" /><testcase classname="tests.test_admin_auth.TestAdminArticlesCRUD" name="test_create_article" time="0.610" /><testcase classname="tests.test_admin_auth.TestAdminArticlesCRUD" name="test_update_article" time="0.710" /><testcase classname="tests.test_admin_auth.TestAdminArticlesCRUD" name="test_delete_article" time="0.639" /><testcase classname="tests.test_admin_auth.TestAdminArticlesCRUD" name="test_toggle_publish_article" time="0.689" /><testcase classname="tests.test_admin_auth.TestAdminArticlesCRUD" name="test_create_article_requires_auth" time="0.101" /><testcase classname="tests.test_admin_auth.TestAdminArticlesCRUD" name="test_update_article_requires_auth" time="0.107" /><testcase classname="tests.test_admin_auth.TestAdminArticlesCRUD" name="test_delete_article_requires_auth" time="0.099" /></testsuite></testsuites>